#
# There is insufficient memory for the Java Runtime Environment to continue.
# Native memory allocation (malloc) failed to allocate 1048576 bytes for AllocateHeap
# Possible reasons:
#   The system is out of physical RAM or swap space
#   In 32 bit mode, the process size limit was hit
# Possible solutions:
#   Reduce memory load on the system
#   Increase physical memory or swap space
#   Check if swap backing store is full
#   Use 64 bit Java on a 64 bit OS
#   Decrease Java heap size (-Xmx/-Xms)
#   Decrease number of Java threads
#   Decrease Java thread stack sizes (-Xss)
#   Set larger code cache with -XX:ReservedCodeCacheSize=
# This output file may be truncated or incomplete.
#
#  Out of Memory Error (memory/allocation.inline.hpp:61), pid=17864, tid=0x0000000000004f74
#
# JRE version:  (8.0) (build )
# Java VM: OpenJDK 64-Bit Server VM (25.71-b00 mixed mode windows-amd64 compressed oops)
# Failed to write core dump. Minidumps are not enabled by default on client versions of Windows
#

---------------  T H R E A D  ---------------

Current thread (0x00000000029fd800):  JavaThread "Unknown thread" [_thread_in_vm, id=20340, stack(0x0000000002ac0000,0x0000000002bc0000)]

Stack: [0x0000000002ac0000,0x0000000002bc0000]
[error occurred during error reporting (printing stack bounds), id 0xc0000005]

Native frames: (J=compiled Java code, j=interpreted, Vv=VM code, C=native code)


---------------  P R O C E S S  ---------------

Java Threads: ( => current thread )

Other Threads:

=>0x00000000029fd800 (exited) JavaThread "Unknown thread" [_thread_in_vm, id=20340, stack(0x0000000002ac0000,0x0000000002bc0000)]

VM state:not at safepoint (normal execution)

VM Mutex/Monitor currently owned by a thread: None

Heap:
 PSYoungGen      total 37888K, used 655K [0x00000000d6000000, 0x00000000d8a00000, 0x0000000100000000)
  eden space 32768K, 2% used [0x00000000d6000000,0x00000000d60a3d80,0x00000000d8000000)
  from space 5120K, 0% used [0x00000000d8500000,0x00000000d8500000,0x00000000d8a00000)
  to   space 5120K, 0% used [0x00000000d8000000,0x00000000d8000000,0x00000000d8500000)
 ParOldGen       total 86016K, used 0K [0x0000000082000000, 0x0000000087400000, 0x00000000d6000000)
  object space 86016K, 0% used [0x0000000082000000,0x0000000082000000,0x0000000087400000)
 Metaspace       used 777K, capacity 4480K, committed 4480K, reserved 1056768K
  class space    used 74K, capacity 384K, committed 384K, reserved 1048576K

Card table byte_map: [0x0000000012080000,0x0000000012480000] byte_map_base: 0x0000000011c70000

Marking Bits: (ParMarkBitMap*) 0x000000006ec6be50
 Begin Bits: [0x0000000012f20000, 0x0000000014ea0000)
 End Bits:   [0x0000000014ea0000, 0x0000000016e20000)

Polling page: 0x0000000002940000

CodeCache: size=245760Kb used=328Kb max_used=328Kb free=245431Kb
 bounds [0x0000000002cc0000, 0x0000000002f30000, 0x0000000011cc0000]
 total_blobs=57 nmethods=0 adapters=38
 compilation: enabled

Compilation events (0 events):
No events

GC Heap History (0 events):
No events

Deoptimization events (0 events):
No events

Classes redefined (0 events):
No events

Internal exceptions (0 events):
No events

Events (10 events):
Event: 0.018 loading class java/lang/Short
Event: 0.018 loading class java/lang/Short done
Event: 0.018 loading class java/lang/Integer
Event: 0.018 loading class java/lang/Integer done
Event: 0.018 loading class java/lang/Long
Event: 0.019 loading class java/lang/Long done
Event: 0.019 loading class java/lang/NullPointerException
Event: 0.019 loading class java/lang/NullPointerException done
Event: 0.019 loading class java/lang/ArithmeticException
Event: 0.019 loading class java/lang/ArithmeticException done


Dynamic libraries:
0x00007ff7fd650000 - 0x00007ff7fd685000 	C:\Program Files\Unity\Editor\Data\PlaybackEngines\AndroidPlayer\Tools\OpenJDK\Windows\bin\java.exe
0x00007ffaad400000 - 0x00007ffaad5f0000 	C:\WINDOWS\SYSTEM32\ntdll.dll
0x00007ffaab940000 - 0x00007ffaab9f2000 	C:\WINDOWS\System32\KERNEL32.DLL
0x00007ffaaaf70000 - 0x00007ffaab213000 	C:\WINDOWS\System32\KERNELBASE.dll
0x00007ffaabc80000 - 0x00007ffaabd23000 	C:\WINDOWS\System32\ADVAPI32.dll
0x00007ffaab6d0000 - 0x00007ffaab76e000 	C:\WINDOWS\System32\msvcrt.dll
0x00007ffaabbb0000 - 0x00007ffaabc47000 	C:\WINDOWS\System32\sechost.dll
0x00007ffaabd30000 - 0x00007ffaabe50000 	C:\WINDOWS\System32\RPCRT4.dll
0x00007ffaab530000 - 0x00007ffaab6c4000 	C:\WINDOWS\System32\USER32.dll
0x00007ffaaa6c0000 - 0x00007ffaaa6e1000 	C:\WINDOWS\System32\win32u.dll
0x00007ffaabe50000 - 0x00007ffaabe76000 	C:\WINDOWS\System32\GDI32.dll
0x00007ffaab310000 - 0x00007ffaab4a4000 	C:\WINDOWS\System32\gdi32full.dll
0x00007ffaaa620000 - 0x00007ffaaa6be000 	C:\WINDOWS\System32\msvcp_win.dll
0x00007ffaaa6f0000 - 0x00007ffaaa7ea000 	C:\WINDOWS\System32\ucrtbase.dll
0x00007ffa9a710000 - 0x00007ffa9a995000 	C:\WINDOWS\WinSxS\amd64_microsoft.windows.common-controls_6595b64144ccf1df_6.0.18362.535_none_e6c3b34713100821\COMCTL32.dll
0x00007ffaad080000 - 0x00007ffaad3b6000 	C:\WINDOWS\System32\combase.dll
0x00007ffaab270000 - 0x00007ffaab2f0000 	C:\WINDOWS\System32\bcryptPrimitives.dll
0x00007ffaabc50000 - 0x00007ffaabc7e000 	C:\WINDOWS\System32\IMM32.DLL
0x000000006ecf0000 - 0x000000006edc2000 	C:\Program Files\Unity\Editor\Data\PlaybackEngines\AndroidPlayer\Tools\OpenJDK\Windows\jre\bin\msvcr100.dll
0x000000006e4a0000 - 0x000000006ece9000 	C:\Program Files\Unity\Editor\Data\PlaybackEngines\AndroidPlayer\Tools\OpenJDK\Windows\jre\bin\server\jvm.dll
0x00007ffaabba0000 - 0x00007ffaabba8000 	C:\WINDOWS\System32\PSAPI.DLL
0x00007ffa9b410000 - 0x00007ffa9b41a000 	C:\WINDOWS\SYSTEM32\VERSION.dll
0x00007ffaa75d0000 - 0x00007ffaa75f4000 	C:\WINDOWS\SYSTEM32\WINMM.dll
0x00007ffaa7a20000 - 0x00007ffaa7a29000 	C:\WINDOWS\SYSTEM32\WSOCK32.dll
0x00007ffaacdf0000 - 0x00007ffaace5f000 	C:\WINDOWS\System32\WS2_32.dll
0x00007ffaa7040000 - 0x00007ffaa706d000 	C:\WINDOWS\SYSTEM32\winmmbase.dll
0x00007ffaab220000 - 0x00007ffaab26a000 	C:\WINDOWS\System32\cfgmgr32.dll
0x00007ffaa7a10000 - 0x00007ffaa7a1f000 	C:\Program Files\Unity\Editor\Data\PlaybackEngines\AndroidPlayer\Tools\OpenJDK\Windows\jre\bin\verify.dll
0x00007ffaa4130000 - 0x00007ffaa4159000 	C:\Program Files\Unity\Editor\Data\PlaybackEngines\AndroidPlayer\Tools\OpenJDK\Windows\jre\bin\java.dll
0x00007ffaa08b0000 - 0x00007ffaa08c6000 	C:\Program Files\Unity\Editor\Data\PlaybackEngines\AndroidPlayer\Tools\OpenJDK\Windows\jre\bin\zip.dll

VM Arguments:
java_command: <unknown>
java_class_path (initial): .
Launcher Type: SUN_STANDARD

Environment Variables:
JAVA_HOME=C:\Program Files\Unity\Editor\Data\PlaybackEngines\AndroidPlayer/Tools\OpenJDK\Windows
PATH=C:\Program Files (x86)\Common Files\Oracle\Java\javapath;C:\WINDOWS\system32;C:\WINDOWS;C:\WINDOWS\System32\Wbem;C:\WINDOWS\System32\WindowsPowerShell\v1.0\;C:\WINDOWS\System32\OpenSSH\;C:\Program Files (x86)\Microsoft SQL Server\110\Tools\Binn\;C:\Program Files\Microsoft SQL Server\110\Tools\Binn\;C:\Program Files\Microsoft SQL Server\110\DTS\Binn\;C:\Program Files (x86)\Microsoft SQL Server\110\Tools\Binn\ManagementStudio\;C:\Program Files (x86)\Microsoft Visual Studio 10.0\Common7\IDE\PrivateAssemblies\;C:\Program Files (x86)\Microsoft SQL Server\110\DTS\Binn\;C:\Program Files\Git\cmd;C:\Users\DELL\AppData\Local\Microsoft\WindowsApps;
USERNAME=DELL
OS=Windows_NT
PROCESSOR_IDENTIFIER=Intel64 Family 6 Model 142 Stepping 10, GenuineIntel



---------------  S Y S T E M  ---------------

OS: Windows 10.0 , 64 bit Build 18362 (10.0.18362.329)

CPU:total 8 (initial active 8) (4 cores per cpu, 2 threads per core) family 6 model 142 stepping 10, cmov, cx8, fxsr, mmx, sse, sse2, sse3, ssse3, sse4.1, sse4.2, popcnt, avx, avx2, aes, clmul, erms, 3dnowpref, lzcnt, ht, tsc, tscinvbit, bmi1, bmi2, adx

Memory: 4k page, physical 8250436k(1385596k free), swap 12444740k(5348k free)

vm_info: OpenJDK 64-Bit Server VM (25.71-b00) for windows-amd64 JRE (1.8.0-adoptopenjdk-_2018_05_19_00_59-b00), built on May 19 2018 01:02:12 by "jenkins" with MS VC++ 10.0 (VS2010)

time: Thu Feb 06 00:08:36 2020
elapsed time: 0 seconds (0d 0h 0m 0s)

