#
# There is insufficient memory for the Java Runtime Environment to continue.
# Native memory allocation (malloc) failed to allocate 34240 bytes for Chunk::new
# Possible reasons:
#   The system is out of physical RAM or swap space
#   In 32 bit mode, the process size limit was hit
# Possible solutions:
#   Reduce memory load on the system
#   Increase physical memory or swap space
#   Check if swap backing store is full
#   Use 64 bit Java on a 64 bit OS
#   Decrease Java heap size (-Xmx/-Xms)
#   Decrease number of Java threads
#   Decrease Java thread stack sizes (-Xss)
#   Set larger code cache with -XX:ReservedCodeCacheSize=
# This output file may be truncated or incomplete.
#
#  Out of Memory Error (allocation.cpp:390), pid=2284, tid=0x0000000000001b90
#
# JRE version: OpenJDK Runtime Environment (8.0) (build 1.8.0-adoptopenjdk-_2018_05_19_00_59-b00)
# Java VM: OpenJDK 64-Bit Server VM (25.71-b00 mixed mode windows-amd64 compressed oops)
# Failed to write core dump. Minidumps are not enabled by default on client versions of Windows
#

---------------  T H R E A D  ---------------

Current thread (0x0000000002a1d800):  JavaThread "main" [_thread_in_native, id=7056, stack(0x0000000002860000,0x0000000002960000)]

Stack: [0x0000000002860000,0x0000000002960000]
[error occurred during error reporting (printing stack bounds), id 0xc0000005]

Native frames: (J=compiled Java code, j=interpreted, Vv=VM code, C=native code)

Java frames: (J=compiled Java code, j=interpreted, Vv=VM code)
j  java.lang.invoke.MethodHandle.<clinit>()V+16
v  ~StubRoutines::call_stub

---------------  P R O C E S S  ---------------

Java Threads: ( => current thread )
  0x0000000019970000 JavaThread "C1 CompilerThread3" daemon [_thread_blocked, id=20484, stack(0x000000001a430000,0x000000001a530000)]
  0x0000000019962000 JavaThread "C2 CompilerThread2" daemon [_thread_blocked, id=9756, stack(0x000000001a330000,0x000000001a430000)]
  0x0000000019961000 JavaThread "C2 CompilerThread1" daemon [_thread_blocked, id=13216, stack(0x000000001a230000,0x000000001a330000)]
  0x000000001995d000 JavaThread "C2 CompilerThread0" daemon [_thread_in_vm, id=20368, stack(0x000000001a130000,0x000000001a230000)]
  0x000000001995b800 JavaThread "Attach Listener" daemon [_thread_blocked, id=16416, stack(0x000000001a030000,0x000000001a130000)]
  0x000000001995a800 JavaThread "Signal Dispatcher" daemon [_thread_blocked, id=3176, stack(0x0000000019f30000,0x000000001a030000)]
  0x0000000002b19800 JavaThread "Finalizer" daemon [_thread_blocked, id=7696, stack(0x0000000019d30000,0x0000000019e30000)]
  0x0000000017a5a800 JavaThread "Reference Handler" daemon [_thread_blocked, id=9484, stack(0x0000000019830000,0x0000000019930000)]
=>0x0000000002a1d800 JavaThread "main" [_thread_in_native, id=7056, stack(0x0000000002860000,0x0000000002960000)]

Other Threads:
  0x0000000017a56000 VMThread [stack: 0x0000000019730000,0x0000000019830000] [id=20016]

VM state:not at safepoint (normal execution)

VM Mutex/Monitor currently owned by a thread: None

Heap:
 PSYoungGen      total 37888K, used 655K [0x00000000d6000000, 0x00000000d8a00000, 0x0000000100000000)
  eden space 32768K, 2% used [0x00000000d6000000,0x00000000d60a3d80,0x00000000d8000000)
  from space 5120K, 0% used [0x00000000d8500000,0x00000000d8500000,0x00000000d8a00000)
  to   space 5120K, 0% used [0x00000000d8000000,0x00000000d8000000,0x00000000d8500000)
 ParOldGen       total 86016K, used 0K [0x0000000082000000, 0x0000000087400000, 0x00000000d6000000)
  object space 86016K, 0% used [0x0000000082000000,0x0000000082000000,0x0000000087400000)
 Metaspace       used 2079K, capacity 4480K, committed 4480K, reserved 1056768K
  class space    used 222K, capacity 384K, committed 384K, reserved 1048576K

Card table byte_map: [0x0000000011ee0000,0x00000000122e0000] byte_map_base: 0x0000000011ad0000

Marking Bits: (ParMarkBitMap*) 0x000000006a20be50
 Begin Bits: [0x0000000012d80000, 0x0000000014d00000)
 End Bits:   [0x0000000014d00000, 0x0000000016c80000)

Polling page: 0x0000000000bd0000

CodeCache: size=245760Kb used=1018Kb max_used=1018Kb free=244741Kb
 bounds [0x0000000002b20000, 0x0000000002d90000, 0x0000000011b20000]
 total_blobs=196 nmethods=0 adapters=126
 compilation: enabled

Compilation events (0 events):
No events

GC Heap History (0 events):
No events

Deoptimization events (0 events):
No events

Classes redefined (0 events):
No events

Internal exceptions (2 events):
Event: 0.024 Thread 0x0000000002a1d800 Exception <a 'java/lang/NoSuchMethodError': Method sun.misc.Unsafe.defineClass(Ljava/lang/String;[BII)Ljava/lang/Class; name or signature does not match> (0x00000000d6007cb0) thrown at [C:\Users\jenkins\workspace\openjdk8_build_x86-64_windows\openjdk\hots
Event: 0.024 Thread 0x0000000002a1d800 Exception <a 'java/lang/NoSuchMethodError': Method sun.misc.Unsafe.prefetchRead(Ljava/lang/Object;J)V name or signature does not match> (0x00000000d6007f98) thrown at [C:\Users\jenkins\workspace\openjdk8_build_x86-64_windows\openjdk\hotspot\src\share\vm\p

Events (10 events):
Event: 0.050 loading class sun/misc/Launcher$AppClassLoader$1 done
Event: 0.050 loading class java/lang/SystemClassLoaderAction
Event: 0.050 loading class java/lang/SystemClassLoaderAction done
Event: 0.050 Thread 0x000000001995a800 Thread added: 0x000000001995a800
Event: 0.050 Thread 0x000000001995b800 Thread added: 0x000000001995b800
Event: 0.051 Thread 0x000000001995d000 Thread added: 0x000000001995d000
Event: 0.051 Thread 0x0000000019961000 Thread added: 0x0000000019961000
Event: 0.051 Thread 0x0000000019962000 Thread added: 0x0000000019962000
Event: 0.051 Thread 0x0000000019970000 Thread added: 0x0000000019970000
Event: 0.051 loading class java/lang/invoke/MethodHandleImpl


Dynamic libraries:
0x00007ff677a00000 - 0x00007ff677a35000 	C:\Program Files\Unity\Editor\Data\PlaybackEngines\AndroidPlayer\Tools\OpenJDK\Windows\bin\java.exe
0x00007ff9b62e0000 - 0x00007ff9b64d0000 	C:\WINDOWS\SYSTEM32\ntdll.dll
0x00007ff9b5600000 - 0x00007ff9b56b2000 	C:\WINDOWS\System32\KERNEL32.DLL
0x00007ff9b3290000 - 0x00007ff9b3533000 	C:\WINDOWS\System32\KERNELBASE.dll
0x00007ff9b5760000 - 0x00007ff9b5803000 	C:\WINDOWS\System32\ADVAPI32.dll
0x00007ff9b56c0000 - 0x00007ff9b575e000 	C:\WINDOWS\System32\msvcrt.dll
0x00007ff9b4d20000 - 0x00007ff9b4db7000 	C:\WINDOWS\System32\sechost.dll
0x00007ff9b43f0000 - 0x00007ff9b4510000 	C:\WINDOWS\System32\RPCRT4.dll
0x00007ff9b49f0000 - 0x00007ff9b4b84000 	C:\WINDOWS\System32\USER32.dll
0x00007ff9b3e10000 - 0x00007ff9b3e31000 	C:\WINDOWS\System32\win32u.dll
0x00007ff9b4f80000 - 0x00007ff9b4fa6000 	C:\WINDOWS\System32\GDI32.dll
0x00007ff9b41f0000 - 0x00007ff9b4384000 	C:\WINDOWS\System32\gdi32full.dll
0x00007ff9b40f0000 - 0x00007ff9b418e000 	C:\WINDOWS\System32\msvcp_win.dll
0x00007ff9b3590000 - 0x00007ff9b368a000 	C:\WINDOWS\System32\ucrtbase.dll
0x00007ff9a3440000 - 0x00007ff9a36c5000 	C:\WINDOWS\WinSxS\amd64_microsoft.windows.common-controls_6595b64144ccf1df_6.0.18362.535_none_e6c3b34713100821\COMCTL32.dll
0x00007ff9b4fb0000 - 0x00007ff9b52e6000 	C:\WINDOWS\System32\combase.dll
0x00007ff9b3e40000 - 0x00007ff9b3ec0000 	C:\WINDOWS\System32\bcryptPrimitives.dll
0x00007ff9b43a0000 - 0x00007ff9b43ce000 	C:\WINDOWS\System32\IMM32.DLL
0x000000006a290000 - 0x000000006a362000 	C:\Program Files\Unity\Editor\Data\PlaybackEngines\AndroidPlayer\Tools\OpenJDK\Windows\jre\bin\msvcr100.dll
0x0000000069a40000 - 0x000000006a289000 	C:\Program Files\Unity\Editor\Data\PlaybackEngines\AndroidPlayer\Tools\OpenJDK\Windows\jre\bin\server\jvm.dll
0x00007ff9b6290000 - 0x00007ff9b6298000 	C:\WINDOWS\System32\PSAPI.DLL
0x00007ff9af310000 - 0x00007ff9af319000 	C:\WINDOWS\SYSTEM32\WSOCK32.dll
0x00007ff9a4cb0000 - 0x00007ff9a4cba000 	C:\WINDOWS\SYSTEM32\VERSION.dll
0x00007ff9b0ac0000 - 0x00007ff9b0ae4000 	C:\WINDOWS\SYSTEM32\WINMM.dll
0x00007ff9b5950000 - 0x00007ff9b59bf000 	C:\WINDOWS\System32\WS2_32.dll
0x00007ff9b0a90000 - 0x00007ff9b0abd000 	C:\WINDOWS\SYSTEM32\winmmbase.dll
0x00007ff9b3540000 - 0x00007ff9b358a000 	C:\WINDOWS\System32\cfgmgr32.dll
0x00007ff9acd60000 - 0x00007ff9acd6f000 	C:\Program Files\Unity\Editor\Data\PlaybackEngines\AndroidPlayer\Tools\OpenJDK\Windows\jre\bin\verify.dll
0x00007ff9aa5a0000 - 0x00007ff9aa5c9000 	C:\Program Files\Unity\Editor\Data\PlaybackEngines\AndroidPlayer\Tools\OpenJDK\Windows\jre\bin\java.dll
0x00007ff9a9d90000 - 0x00007ff9a9da6000 	C:\Program Files\Unity\Editor\Data\PlaybackEngines\AndroidPlayer\Tools\OpenJDK\Windows\jre\bin\zip.dll
0x00007ff9b5af0000 - 0x00007ff9b61d5000 	C:\WINDOWS\System32\SHELL32.dll
0x00007ff9b61e0000 - 0x00007ff9b6289000 	C:\WINDOWS\System32\shcore.dll
0x00007ff9b3690000 - 0x00007ff9b3e0f000 	C:\WINDOWS\System32\windows.storage.dll
0x00007ff9b31c0000 - 0x00007ff9b31df000 	C:\WINDOWS\System32\profapi.dll
0x00007ff9b31e0000 - 0x00007ff9b322a000 	C:\WINDOWS\System32\powrprof.dll
0x00007ff9b31b0000 - 0x00007ff9b31c0000 	C:\WINDOWS\System32\UMPDC.dll
0x00007ff9b4c10000 - 0x00007ff9b4c62000 	C:\WINDOWS\System32\shlwapi.dll
0x00007ff9b3250000 - 0x00007ff9b3261000 	C:\WINDOWS\System32\kernel.appcore.dll
0x00007ff9b3270000 - 0x00007ff9b3287000 	C:\WINDOWS\System32\cryptsp.dll

VM Arguments:
java_command: <unknown>
java_class_path (initial): .
Launcher Type: SUN_STANDARD

Environment Variables:
JAVA_HOME=C:\Program Files\Unity\Editor\Data\PlaybackEngines\AndroidPlayer/Tools\OpenJDK\Windows
PATH=C:\Program Files (x86)\Common Files\Oracle\Java\javapath;C:\WINDOWS\system32;C:\WINDOWS;C:\WINDOWS\System32\Wbem;C:\WINDOWS\System32\WindowsPowerShell\v1.0\;C:\WINDOWS\System32\OpenSSH\;C:\Program Files (x86)\Microsoft SQL Server\110\Tools\Binn\;C:\Program Files\Microsoft SQL Server\110\Tools\Binn\;C:\Program Files\Microsoft SQL Server\110\DTS\Binn\;C:\Program Files (x86)\Microsoft SQL Server\110\Tools\Binn\ManagementStudio\;C:\Program Files (x86)\Microsoft Visual Studio 10.0\Common7\IDE\PrivateAssemblies\;C:\Program Files (x86)\Microsoft SQL Server\110\DTS\Binn\;C:\Program Files\Git\cmd;C:\Users\DELL\AppData\Local\Microsoft\WindowsApps;
USERNAME=DELL
OS=Windows_NT
PROCESSOR_IDENTIFIER=Intel64 Family 6 Model 142 Stepping 10, GenuineIntel



---------------  S Y S T E M  ---------------

OS: Windows 10.0 , 64 bit Build 18362 (10.0.18362.329)

CPU:total 8 (initial active 8) (4 cores per cpu, 2 threads per core) family 6 model 142 stepping 10, cmov, cx8, fxsr, mmx, sse, sse2, sse3, ssse3, sse4.1, sse4.2, popcnt, avx, avx2, aes, clmul, erms, 3dnowpref, lzcnt, ht, tsc, tscinvbit, bmi1, bmi2, adx

Memory: 4k page, physical 8250436k(1317212k free), swap 12444740k(7864k free)

vm_info: OpenJDK 64-Bit Server VM (25.71-b00) for windows-amd64 JRE (1.8.0-adoptopenjdk-_2018_05_19_00_59-b00), built on May 19 2018 01:02:12 by "jenkins" with MS VC++ 10.0 (VS2010)

time: Sat Jan 18 04:25:18 2020
elapsed time: 0 seconds (0d 0h 0m 0s)

